{"date":"2023-04-05T15:21:14.729Z","level":"error","message":"User does not exist","service":"user-service"}
{"date":"2023-04-05T15:21:14.739Z","level":"error","message":"Invalid status code: IncomingMessage {\n  _readableState: [ReadableState],\n  _events: [Object: null prototype],\n  _eventsCount: 1,\n  _maxListeners: undefined,\n  socket: [Socket],\n  httpVersionMajor: 1,\n  httpVersionMinor: 1,\n  httpVersion: '1.1',\n  complete: true,\n  rawHeaders: [Array],\n  rawTrailers: [],\n  aborted: false,\n  upgrade: false,\n  url: '/login',\n  method: 'POST',\n  statusCode: null,\n  statusMessage: null,\n  client: [Socket],\n  _consuming: true,\n  _dumped: false,\n  next: [Function: next],\n  baseUrl: '/auth',\n  originalUrl: '/auth/login',\n  _parsedUrl: [Url],\n  params: {},\n  query: {},\n  res: [ServerResponse],\n  body: [Object],\n  _body: true,\n  length: undefined,\n  route: [Route],\n  [Symbol(kCapture)]: false,\n  [Symbol(kHeaders)]: [Object],\n  [Symbol(kHeadersCount)]: 32,\n  [Symbol(kTrailers)]: null,\n  [Symbol(kTrailersCount)]: 0,\n  [Symbol(RequestTimeout)]: undefined\n}","method":"POST","service":"user-service","url":"/login"}
{"date":"2023-04-05T15:23:20.236Z","level":"error","message":"User does not exist","method":"POST","service":"user-service","url":"/login"}
{"date":"2023-04-05T15:23:38.817Z","level":"error","message":"Password must contain atleast one uppercase letter, one special character and one number","method":"POST","service":"user-service","url":"/register"}
{"date":"2023-04-05T15:23:50.264Z","level":"error","message":"Password must contain atleast one uppercase letter, one special character and one number","method":"POST","service":"user-service","url":"/register"}
{"date":"2023-04-05T15:24:14.257Z","level":"error","message":"Password must contain atleast one uppercase letter, one special character and one number","method":"POST","service":"user-service","url":"/register"}
{"date":"2023-04-05T15:24:48.696Z","level":"error","message":"Password must contain atleast one uppercase letter, one special character and one number","method":"POST","service":"user-service","url":"/register"}
{"date":"2023-04-05T15:25:50.771Z","level":"error","message":"Password must contain atleast one uppercase letter, one special character and one number","method":"POST","service":"user-service","url":"/register"}
{"date":"2023-04-05T15:26:13.762Z","level":"error","message":"user validation failed: email: Invalid Email","method":"POST","service":"user-service","url":"/register"}
{"date":"2023-04-05T15:28:10.010Z","level":"error","message":"User already exists","method":"POST","service":"user-service","url":"/register"}
{"date":"2023-04-05T15:30:24.865Z","level":"error","message":"Email not verified","method":"POST","service":"user-service","url":"/login"}
{"date":"2023-04-05T15:46:20.831Z","level":"error","message":"User does not exist","method":"POST","service":"user-service","url":"/forgotPassword"}
{"date":"2023-04-05T15:46:59.556Z","level":"error","message":"The provided authorization grant is invalid, expired, or revoked","method":"POST","service":"user-service","url":"/forgotPassword"}
{"date":"2023-04-05T15:49:25.447Z","level":"error","message":"The provided authorization grant is invalid, expired, or revoked","method":"POST","service":"user-service","url":"/forgotPassword"}
{"date":"2023-04-05T15:51:35.774Z","level":"error","message":"The provided authorization grant is invalid, expired, or revoked","method":"POST","service":"user-service","url":"/forgotPassword"}
{"date":"2023-04-05T16:14:19.575Z","level":"error","message":"Invalid token","method":"POST","service":"user-service","url":"/verifyEmail"}
{"date":"2023-04-05T16:14:56.719Z","level":"error","message":"Invalid token","method":"POST","service":"user-service","url":"/verifyEmail"}
{"date":"2023-04-05T16:16:57.613Z","level":"error","message":"Invalid token","method":"POST","service":"user-service","url":"/verifyEmail"}
{"date":"2023-04-05T16:17:35.522Z","level":"error","message":"Invalid token","method":"POST","service":"user-service","url":"/verifyEmail"}
{"date":"2023-04-05T16:24:39.680Z","level":"error","message":"Invalid token","method":"PUT","service":"user-service","url":"/resetPassword"}
{"date":"2023-04-05T16:26:29.084Z","level":"error","message":"Email not verified","method":"POST","service":"user-service","url":"/login"}
{"date":"2023-04-05T16:34:14.647Z","level":"error","message":"Email not verified","method":"POST","service":"user-service","url":"/login"}
{"date":"2023-04-10T17:21:41.889Z","level":"error","message":"Cannot access 'request' before initialization","method":"POST","service":"user-service","url":"/login"}
{"date":"2023-04-10T17:23:09.682Z","level":"error","message":"request validation failed: location.lang: Path `location.lang` is required.","method":"POST","service":"user-service","url":"/login"}
{"date":"2023-04-12T16:19:54.693Z","level":"error","message":"Cannot access 'request' before initialization","method":"POST","service":"user-service","url":"/create"}
{"date":"2023-04-12T16:27:11.481Z","level":"error","message":"Email not verified","method":"POST","service":"user-service","url":"/login"}
{"date":"2023-04-12T16:35:01.729Z","level":"error","message":"$where not allowed in this atlas tier","method":"GET","service":"user-service","url":"/get"}
{"date":"2023-04-12T16:35:08.389Z","level":"error","message":"$where not allowed in this atlas tier","method":"GET","service":"user-service","url":"/get"}
{"date":"2023-04-13T17:19:24.129Z","level":"error","message":"Invalid credentials","method":"POST","service":"user-service","url":"/login"}
{"date":"2023-04-13T17:19:33.846Z","level":"error","message":"Invalid credentials","method":"POST","service":"user-service","url":"/login"}
{"date":"2023-04-13T17:21:48.138Z","level":"error","message":"Password must contain atleast one uppercase letter, one special character and one number","method":"POST","service":"user-service","url":"/register"}
{"date":"2023-04-13T17:22:02.939Z","level":"error","message":"Email not verified","method":"POST","service":"user-service","url":"/login"}
{"date":"2023-04-13T17:22:50.022Z","level":"error","message":"Email not verified","method":"POST","service":"user-service","url":"/login"}
{"date":"2023-04-13T17:27:07.579Z","level":"error","message":"Email not verified","method":"POST","service":"user-service","url":"/login"}
{"date":"2023-04-13T17:27:35.751Z","level":"error","message":"The provided authorization grant is invalid, expired, or revoked","method":"POST","service":"user-service","url":"/forgotPassword"}
{"date":"2023-04-13T17:30:14.551Z","level":"error","message":"Email not verified","method":"POST","service":"user-service","url":"/login"}
{"date":"2023-04-13T18:19:27.533Z","level":"error","message":"Invalid credentials","method":"POST","service":"user-service","url":"/login"}
